25-08-12 23:15:04.387 [http-nio-8080-exec-8] ERROR o.a.c.c.C.[.[.[.[dispatcherServlet] - Servlet.service() for servlet [dispatcherServlet] in context with path [] threw exception 
io.jsonwebtoken.ExpiredJwtException: JWT expired 6931385 milliseconds ago at 2025-08-12T15:49:33.000Z. Current time: 2025-08-12T17:45:04.385Z. Allowed clock skew: 0 milliseconds.
	at io.jsonwebtoken.impl.DefaultJwtParser.parse(DefaultJwtParser.java:682)
	at io.jsonwebtoken.impl.DefaultJwtParser.parse(DefaultJwtParser.java:362)
	at io.jsonwebtoken.impl.DefaultJwtParser.parse(DefaultJwtParser.java:94)
	at io.jsonwebtoken.impl.io.AbstractParser.parse(AbstractParser.java:36)
	at io.jsonwebtoken.impl.io.AbstractParser.parse(AbstractParser.java:29)
	at io.jsonwebtoken.impl.DefaultJwtParser.parseSignedClaims(DefaultJwtParser.java:821)
	at com.journal.journalApp.utils.JwtUtil.extractAllClaims(JwtUtil.java:35)
	at com.journal.journalApp.utils.JwtUtil.extractUsername(JwtUtil.java:23)
	at com.journal.journalApp.filter.JwtFilter.doFilterInternal(JwtFilter.java:34)
	at org.springframework.web.filter.OncePerRequestFilter.doFilter(OncePerRequestFilter.java:117)
	at org.springframework.security.web.FilterChainProxy$VirtualFilterChain.doFilter(FilterChainProxy.java:346)
	at org.springframework.security.web.authentication.logout.LogoutFilter.doFilter(LogoutFilter.java:103)
	at org.springframework.security.web.authentication.logout.LogoutFilter.doFilter(LogoutFilter.java:89)
	at org.springframework.security.web.FilterChainProxy$VirtualFilterChain.doFilter(FilterChainProxy.java:346)
	at org.springframework.web.filter.CorsFilter.doFilterInternal(CorsFilter.java:91)
	at org.springframework.web.filter.OncePerRequestFilter.doFilter(OncePerRequestFilter.java:117)
	at org.springframework.security.web.FilterChainProxy$VirtualFilterChain.doFilter(FilterChainProxy.java:346)
	at org.springframework.security.web.header.HeaderWriterFilter.doHeadersAfter(HeaderWriterFilter.java:90)
	at org.springframework.security.web.header.HeaderWriterFilter.doFilterInternal(HeaderWriterFilter.java:75)
	at org.springframework.web.filter.OncePerRequestFilter.doFilter(OncePerRequestFilter.java:117)
	at org.springframework.security.web.FilterChainProxy$VirtualFilterChain.doFilter(FilterChainProxy.java:346)
	at org.springframework.security.web.context.SecurityContextPersistenceFilter.doFilter(SecurityContextPersistenceFilter.java:112)
	at org.springframework.security.web.context.SecurityContextPersistenceFilter.doFilter(SecurityContextPersistenceFilter.java:82)
	at org.springframework.security.web.FilterChainProxy$VirtualFilterChain.doFilter(FilterChainProxy.java:346)
	at org.springframework.security.web.context.request.async.WebAsyncManagerIntegrationFilter.doFilterInternal(WebAsyncManagerIntegrationFilter.java:55)
	at org.springframework.web.filter.OncePerRequestFilter.doFilter(OncePerRequestFilter.java:117)
	at org.springframework.security.web.FilterChainProxy$VirtualFilterChain.doFilter(FilterChainProxy.java:346)
	at org.springframework.security.web.session.DisableEncodeUrlFilter.doFilterInternal(DisableEncodeUrlFilter.java:42)
	at org.springframework.web.filter.OncePerRequestFilter.doFilter(OncePerRequestFilter.java:117)
	at org.springframework.security.web.FilterChainProxy$VirtualFilterChain.doFilter(FilterChainProxy.java:346)
	at org.springframework.security.web.FilterChainProxy.doFilterInternal(FilterChainProxy.java:221)
	at org.springframework.security.web.FilterChainProxy.doFilter(FilterChainProxy.java:186)
	at org.springframework.web.filter.DelegatingFilterProxy.invokeDelegate(DelegatingFilterProxy.java:354)
	at org.springframework.web.filter.DelegatingFilterProxy.doFilter(DelegatingFilterProxy.java:267)
	at org.apache.catalina.core.ApplicationFilterChain.internalDoFilter(ApplicationFilterChain.java:178)
	at org.apache.catalina.core.ApplicationFilterChain.doFilter(ApplicationFilterChain.java:153)
	at org.springframework.web.filter.RequestContextFilter.doFilterInternal(RequestContextFilter.java:100)
	at org.springframework.web.filter.OncePerRequestFilter.doFilter(OncePerRequestFilter.java:117)
	at org.apache.catalina.core.ApplicationFilterChain.internalDoFilter(ApplicationFilterChain.java:178)
	at org.apache.catalina.core.ApplicationFilterChain.doFilter(ApplicationFilterChain.java:153)
	at org.springframework.web.filter.FormContentFilter.doFilterInternal(FormContentFilter.java:93)
	at org.springframework.web.filter.OncePerRequestFilter.doFilter(OncePerRequestFilter.java:117)
	at org.apache.catalina.core.ApplicationFilterChain.internalDoFilter(ApplicationFilterChain.java:178)
	at org.apache.catalina.core.ApplicationFilterChain.doFilter(ApplicationFilterChain.java:153)
	at org.springframework.boot.actuate.metrics.web.servlet.WebMvcMetricsFilter.doFilterInternal(WebMvcMetricsFilter.java:96)
	at org.springframework.web.filter.OncePerRequestFilter.doFilter(OncePerRequestFilter.java:117)
	at org.apache.catalina.core.ApplicationFilterChain.internalDoFilter(ApplicationFilterChain.java:178)
	at org.apache.catalina.core.ApplicationFilterChain.doFilter(ApplicationFilterChain.java:153)
	at org.springframework.web.filter.CharacterEncodingFilter.doFilterInternal(CharacterEncodingFilter.java:201)
	at org.springframework.web.filter.OncePerRequestFilter.doFilter(OncePerRequestFilter.java:117)
	at org.apache.catalina.core.ApplicationFilterChain.internalDoFilter(ApplicationFilterChain.java:178)
	at org.apache.catalina.core.ApplicationFilterChain.doFilter(ApplicationFilterChain.java:153)
	at org.apache.catalina.core.StandardWrapperValve.invoke(StandardWrapperValve.java:168)
	at org.apache.catalina.core.StandardContextValve.invoke(StandardContextValve.java:90)
	at org.apache.catalina.authenticator.AuthenticatorBase.invoke(AuthenticatorBase.java:481)
	at org.apache.catalina.core.StandardHostValve.invoke(StandardHostValve.java:130)
	at org.apache.catalina.valves.ErrorReportValve.invoke(ErrorReportValve.java:93)
	at org.apache.catalina.core.StandardEngineValve.invoke(StandardEngineValve.java:74)
	at org.apache.catalina.connector.CoyoteAdapter.service(CoyoteAdapter.java:342)
	at org.apache.coyote.http11.Http11Processor.service(Http11Processor.java:390)
	at org.apache.coyote.AbstractProcessorLight.process(AbstractProcessorLight.java:63)
	at org.apache.coyote.AbstractProtocol$ConnectionHandler.process(AbstractProtocol.java:928)
	at org.apache.tomcat.util.net.NioEndpoint$SocketProcessor.doRun(NioEndpoint.java:1794)
	at org.apache.tomcat.util.net.SocketProcessorBase.run(SocketProcessorBase.java:52)
	at org.apache.tomcat.util.threads.ThreadPoolExecutor.runWorker(ThreadPoolExecutor.java:1191)
	at org.apache.tomcat.util.threads.ThreadPoolExecutor$Worker.run(ThreadPoolExecutor.java:659)
	at org.apache.tomcat.util.threads.TaskThread$WrappingRunnable.run(TaskThread.java:61)
	at java.base/java.lang.Thread.run(Thread.java:1583)
25-08-12 23:15:04.396 [http-nio-8080-exec-8] INFO  c.j.journalApp.aspect.AppAspect - Before method invoked::ResponseEntity org.springframework.boot.autoconfigure.web.servlet.error.BasicErrorController.error(HttpServletRequest) 
25-08-12 23:15:04.397 [http-nio-8080-exec-8] INFO  c.j.journalApp.aspect.AppAspect - After method invoked::ResponseEntity org.springframework.boot.autoconfigure.web.servlet.error.BasicErrorController.error(HttpServletRequest) 
25-08-12 23:15:13.210 [http-nio-8080-exec-10] INFO  c.j.j.filter.AuthenticationFilter - [AuthenticationFilter] - doFilter method 
25-08-12 23:15:13.212 [http-nio-8080-exec-10] INFO  c.j.j.filter.AuthorizationFilter - [AuthorizationFilter] - doFilter method 
25-08-12 23:15:13.212 [http-nio-8080-exec-10] INFO  c.j.j.filter.AuthorizationFilter - Local Port : 8080 
25-08-12 23:15:13.213 [http-nio-8080-exec-10] INFO  c.j.j.filter.AuthorizationFilter - Server Name : localhost 
25-08-12 23:15:13.213 [http-nio-8080-exec-10] INFO  c.j.j.filter.AuthorizationFilter - Method Name : POST 
25-08-12 23:15:13.213 [http-nio-8080-exec-10] INFO  c.j.j.filter.AuthorizationFilter - Request URI : /public/login 
25-08-12 23:15:13.214 [http-nio-8080-exec-10] INFO  c.j.j.filter.AuthorizationFilter - Servlet Path : /public/login 
25-08-12 23:15:13.355 [http-nio-8080-exec-10] INFO  c.j.journalApp.aspect.AppAspect - Before method invoked::ResponseEntity com.journal.journalApp.controller.PublicController.login(JwtResponse) 
25-08-12 23:15:15.962 [http-nio-8080-exec-10] INFO  c.j.j.service.RedisLoginService - Storing token in Redis for user: Nitesh 
25-08-12 23:15:15.975 [http-nio-8080-exec-10] INFO  c.j.j.service.RedisLoginService - Token stored successfully in Redis for user: Nitesh 
25-08-12 23:15:15.977 [http-nio-8080-exec-10] INFO  c.j.journalApp.aspect.AppAspect - After method invoked::ResponseEntity com.journal.journalApp.controller.PublicController.login(JwtResponse) 
25-08-12 23:15:17.839 [http-nio-8080-exec-2] INFO  c.j.j.filter.AuthenticationFilter - [AuthenticationFilter] - doFilter method 
25-08-12 23:15:17.839 [http-nio-8080-exec-2] INFO  c.j.j.filter.AuthorizationFilter - [AuthorizationFilter] - doFilter method 
25-08-12 23:15:17.841 [http-nio-8080-exec-2] INFO  c.j.j.filter.AuthorizationFilter - Local Port : 8080 
25-08-12 23:15:17.841 [http-nio-8080-exec-2] INFO  c.j.j.filter.AuthorizationFilter - Server Name : localhost 
25-08-12 23:15:17.841 [http-nio-8080-exec-2] INFO  c.j.j.filter.AuthorizationFilter - Method Name : GET 
25-08-12 23:15:17.841 [http-nio-8080-exec-2] INFO  c.j.j.filter.AuthorizationFilter - Request URI : /journal 
25-08-12 23:15:17.841 [http-nio-8080-exec-2] INFO  c.j.j.filter.AuthorizationFilter - Servlet Path : /journal 
25-08-12 23:15:17.846 [http-nio-8080-exec-2] INFO  c.j.journalApp.aspect.AppAspect - Before method invoked::ResponseEntity com.journal.journalApp.controller.JournalEntryController.getAllUser() 
25-08-12 23:15:17.984 [http-nio-8080-exec-2] INFO  c.j.journalApp.aspect.AppAspect - After method invoked::ResponseEntity com.journal.journalApp.controller.JournalEntryController.getAllUser() 
25-08-12 23:15:20.856 [http-nio-8080-exec-5] INFO  c.j.j.filter.AuthenticationFilter - [AuthenticationFilter] - doFilter method 
25-08-12 23:15:20.857 [http-nio-8080-exec-5] INFO  c.j.j.filter.AuthorizationFilter - [AuthorizationFilter] - doFilter method 
25-08-12 23:15:20.857 [http-nio-8080-exec-5] INFO  c.j.j.filter.AuthorizationFilter - Local Port : 8080 
25-08-12 23:15:20.858 [http-nio-8080-exec-5] INFO  c.j.j.filter.AuthorizationFilter - Server Name : localhost 
25-08-12 23:15:20.858 [http-nio-8080-exec-5] INFO  c.j.j.filter.AuthorizationFilter - Method Name : GET 
25-08-12 23:15:20.858 [http-nio-8080-exec-5] INFO  c.j.j.filter.AuthorizationFilter - Request URI : /journal 
25-08-12 23:15:20.859 [http-nio-8080-exec-5] INFO  c.j.j.filter.AuthorizationFilter - Servlet Path : /journal 
25-08-12 23:15:20.861 [http-nio-8080-exec-5] INFO  c.j.journalApp.aspect.AppAspect - Before method invoked::ResponseEntity com.journal.journalApp.controller.JournalEntryController.getAllUser() 
25-08-12 23:15:21.010 [http-nio-8080-exec-5] INFO  c.j.journalApp.aspect.AppAspect - After method invoked::ResponseEntity com.journal.journalApp.controller.JournalEntryController.getAllUser() 
